2020.05.28 05:23:29 INFO  web[][o.s.p.ProcessEntryPoint] Starting web
2020.05.28 05:23:29 INFO  web[][o.a.t.u.n.NioSelectorPool] Using a shared selector for servlet write/read
2020.05.28 05:23:30 INFO  web[][o.e.p.PluginsService] no modules loaded
2020.05.28 05:23:30 INFO  web[][o.e.p.PluginsService] loaded plugin [org.elasticsearch.join.ParentJoinPlugin]
2020.05.28 05:23:30 INFO  web[][o.e.p.PluginsService] loaded plugin [org.elasticsearch.percolator.PercolatorPlugin]
2020.05.28 05:23:30 INFO  web[][o.e.p.PluginsService] loaded plugin [org.elasticsearch.transport.Netty4Plugin]
2020.05.28 05:23:31 INFO  web[][o.s.s.e.EsClientProvider] Connected to local Elasticsearch: [127.0.0.1:9001]
2020.05.28 05:23:31 INFO  web[][o.s.s.p.LogServerVersion] SonarQube Server / 7.9.3.33349 / ded65927f38a2b43427165f32243223c10bd415c
2020.05.28 05:23:32 INFO  web[][o.s.s.p.d.EmbeddedDatabase] Starting embedded database on port 9092 with url jdbc:h2:tcp://127.0.0.1:9092/sonar
2020.05.28 05:23:32 INFO  web[][o.s.s.p.d.EmbeddedDatabase] Embedded database started. Data stored in: /opt/sonarqube/data
2020.05.28 05:23:32 INFO  web[][o.sonar.db.Database] Create JDBC data source for jdbc:h2:tcp://127.0.0.1:9092/sonar
2020.05.28 05:23:32 WARN  web[][o.s.db.dialect.H2] H2 database should be used for evaluation purpose only.
2020.05.28 05:23:33 INFO  web[][o.s.s.p.ServerFileSystemImpl] SonarQube home: /opt/sonarqube
2020.05.28 05:23:33 INFO  web[][o.s.s.u.SystemPasscodeImpl] System authentication by passcode is disabled
2020.05.28 05:23:33 INFO  web[][o.s.s.p.d.m.h.MigrationHistoryTableImpl] Creating table schema_migrations
2020.05.28 05:23:33 INFO  web[][o.s.s.p.d.m.AutoDbMigration] Automatically perform DB migration on fresh install
2020.05.28 05:23:34 INFO  web[][o.s.s.p.Platform] Database has been automatically updated
2020.05.28 05:23:34 INFO  web[][o.s.s.p.w.MasterServletFilter] Initializing servlet filter org.sonar.server.ws.WebServiceFilter@1620a3b8 [pattern=UrlPattern{inclusions=[/api/system/migrate_db.*, ...], exclusions=[/api/properties*, ...]}]
2020.05.28 05:23:34 INFO  web[][o.s.s.a.EmbeddedTomcat] HTTP connector enabled on port 9000
2020.05.28 05:23:35 INFO  web[][o.s.s.p.UpdateCenterClient] Update center: https://update.sonarsource.org/update-center.properties (no proxy)
2020.05.28 05:23:36 INFO  web[][o.s.s.e.IndexCreator] Create index [metadatas]
2020.05.28 05:23:36 INFO  web[][o.s.s.e.IndexCreator] Create type metadatas/metadata
2020.05.28 05:23:37 INFO  web[][o.s.s.e.IndexCreator] Create index [components]
2020.05.28 05:23:38 INFO  web[][o.s.s.e.IndexCreator] Create type components/auth
2020.05.28 05:23:38 INFO  web[][o.s.s.e.IndexCreator] Create index [projectmeasures]
2020.05.28 05:23:39 INFO  web[][o.s.s.e.IndexCreator] Create type projectmeasures/auth
2020.05.28 05:23:39 INFO  web[][o.s.s.e.IndexCreator] Create index [rules]
2020.05.28 05:23:40 INFO  web[][o.s.s.e.IndexCreator] Create type rules/rule
2020.05.28 05:23:40 INFO  web[][o.s.s.e.IndexCreator] Create index [issues]
2020.05.28 05:23:42 INFO  web[][o.s.s.e.IndexCreator] Create type issues/auth
2020.05.28 05:23:42 INFO  web[][o.s.s.e.IndexCreator] Create index [users]
2020.05.28 05:23:42 INFO  web[][o.s.s.e.IndexCreator] Create type users/user
2020.05.28 05:23:42 INFO  web[][o.s.s.e.IndexCreator] Create index [views]
2020.05.28 05:23:43 INFO  web[][o.s.s.e.IndexCreator] Create type views/view
2020.05.28 05:23:43 INFO  web[][o.s.s.s.LogServerId] Server ID: BF41A1F2-AXJZvFXGninTVyzIq9IW
2020.05.28 05:23:44 WARN  web[][o.s.a.s.w.WebService$Action] The response example is not set on action api/plugins/download
2020.05.28 05:23:44 WARN  web[][o.s.a.s.w.WebService$Action] The response example is not set on action api/permissions/search_templates
2020.05.28 05:23:44 INFO  web[][o.s.s.t.TelemetryDaemon] Sharing of SonarQube statistics is enabled.
2020.05.28 05:23:44 INFO  web[][o.s.s.n.NotificationDaemon] Notification service started (delay 60 sec.)
2020.05.28 05:23:44 INFO  web[][o.s.s.s.GeneratePluginIndex] Generate scanner plugin index
2020.05.28 05:23:44 INFO  web[][o.s.s.s.RegisterPlugins] Register plugins
2020.05.28 05:23:44 INFO  web[][o.s.s.s.RegisterMetrics] Register metrics
2020.05.28 05:23:44 INFO  web[][o.s.s.q.RegisterQualityGates] Built-in quality gate's conditions of [Sonar way] has been updated
2020.05.28 05:23:44 INFO  web[][o.s.s.r.RegisterRules] Register rules
2020.05.28 05:23:44 INFO  web[][o.s.s.q.BuiltInQProfileRepositoryImpl] Load quality profiles
2020.05.28 05:23:44 INFO  web[][o.s.s.s.RegisterPermissionTemplates] Register permission templates
2020.05.28 05:23:44 INFO  web[][o.s.s.s.RenameDeprecatedPropertyKeys] Rename deprecated property keys
2020.05.28 05:23:44 INFO  web[][o.s.s.p.w.MasterServletFilter] Initializing servlet filter org.sonar.server.ws.WebServiceFilter@30fc6d8c [pattern=UrlPattern{inclusions=[/api/issues/delete_comment.*, ...], exclusions=[/api/properties*, ...]}]
2020.05.28 05:23:44 INFO  web[][o.s.s.p.w.MasterServletFilter] Initializing servlet filter org.sonar.server.ws.DeprecatedPropertiesWsFilter@10aa9987 [pattern=UrlPattern{inclusions=[/api/properties/*], exclusions=[]}]
2020.05.28 05:23:44 INFO  web[][o.s.s.p.w.MasterServletFilter] Initializing servlet filter org.sonar.server.ws.WebServiceReroutingFilter@3e48e034 [pattern=UrlPattern{inclusions=[/api/components/bulk_update_key, ...], exclusions=[]}]
2020.05.28 05:23:44 INFO  web[][o.s.s.p.w.MasterServletFilter] Initializing servlet filter org.sonar.server.authentication.InitFilter@431068b8 [pattern=UrlPattern{inclusions=[/sessions/init/*], exclusions=[]}]
2020.05.28 05:23:44 INFO  web[][o.s.s.p.w.MasterServletFilter] Initializing servlet filter org.sonar.server.authentication.OAuth2CallbackFilter@4c914c39 [pattern=UrlPattern{inclusions=[/oauth2/callback/*], exclusions=[]}]
2020.05.28 05:23:44 INFO  web[][o.s.s.p.w.MasterServletFilter] Initializing servlet filter org.sonar.server.authentication.ws.LoginAction@27c33072 [pattern=UrlPattern{inclusions=[/api/authentication/login], exclusions=[]}]
2020.05.28 05:23:44 INFO  web[][o.s.s.p.w.MasterServletFilter] Initializing servlet filter org.sonar.server.authentication.ws.LogoutAction@5e7476cd [pattern=UrlPattern{inclusions=[/api/authentication/logout], exclusions=[]}]
2020.05.28 05:23:44 INFO  web[][o.s.s.p.w.MasterServletFilter] Initializing servlet filter org.sonar.server.authentication.ws.ValidateAction@3181d7b7 [pattern=UrlPattern{inclusions=[/api/authentication/validate], exclusions=[]}]
2020.05.28 05:23:44 INFO  web[][o.s.s.e.IndexerStartupTask] Indexing of type [rules/rule/activeRule] ...
2020.05.28 05:23:44 INFO  web[][o.s.s.e.IndexerStartupTask] Indexing of type [rules/rule/activeRule] done | time=290ms
2020.05.28 05:23:44 INFO  web[][o.s.s.e.IndexerStartupTask] Indexing of types [rules/rule],[rules/rule/ruleExtension] ...
2020.05.28 05:23:45 INFO  web[][o.s.s.e.IndexerStartupTask] Indexing of types [rules/rule],[rules/rule/ruleExtension] done | time=499ms
2020.05.28 05:23:45 INFO  web[][o.s.s.e.IndexerStartupTask] Indexing of type [users/user] ...
2020.05.28 05:23:46 INFO  web[][o.s.s.e.IndexerStartupTask] Indexing of type [users/user] done | time=563ms
2020.05.28 05:23:46 INFO  web[][o.s.s.e.IndexerStartupTask] Indexing of type [components/auth/component] ...
2020.05.28 05:23:46 INFO  web[][o.s.s.e.IndexerStartupTask] Indexing of type [components/auth/component] done | time=189ms
2020.05.28 05:23:46 INFO  web[][o.s.s.e.IndexerStartupTask] Indexing of type [views/view] ...
2020.05.28 05:23:46 INFO  web[][o.s.s.e.IndexerStartupTask] Indexing of type [views/view] done | time=245ms
2020.05.28 05:23:46 INFO  web[][o.s.s.e.IndexerStartupTask] Indexing of type [issues/auth/issue] ...
2020.05.28 05:23:46 INFO  web[][o.s.s.e.IndexerStartupTask] Indexing of type [issues/auth/issue] done | time=207ms
2020.05.28 05:23:46 INFO  web[][o.s.s.e.IndexerStartupTask] Indexing of types [components/auth],[projectmeasures/auth],[issues/auth] ...
2020.05.28 05:23:47 INFO  web[][o.s.s.e.IndexerStartupTask] Indexing of types [components/auth],[projectmeasures/auth],[issues/auth] done | time=444ms
2020.05.28 05:23:47 INFO  web[][o.s.s.e.IndexerStartupTask] Indexing of type [projectmeasures/auth/projectmeasure] ...
2020.05.28 05:23:47 INFO  web[][o.s.s.e.IndexerStartupTask] Indexing of type [projectmeasures/auth/projectmeasure] done | time=187ms
2020.05.28 05:23:47 INFO  web[][o.s.s.q.ProjectsInWarningDaemon] Counting number of projects in warning is enabled.
2020.05.28 05:23:47 INFO  web[][o.s.s.p.p.PlatformLevelStartup] Running Community Edition
2020.05.28 05:23:47 INFO  web[][o.s.s.p.Platform] WebServer is operational
2020.05.28 05:23:47 INFO  web[][o.s.s.q.ProjectsInWarningDaemon] Counting number of projects in warning will be disabled as there are no more projects in warning.
2020.05.28 08:14:13 WARN  web[][o.e.t.OutboundHandler] send message failed [channel: Netty4TcpChannel{localAddress=0.0.0.0/0.0.0.0:51976, remoteAddress=null}]
java.io.IOException: Connection reset by peer
	at java.base/sun.nio.ch.FileDispatcherImpl.write0(Native Method)
	at java.base/sun.nio.ch.SocketDispatcher.write(Unknown Source)
	at java.base/sun.nio.ch.IOUtil.writeFromNativeBuffer(Unknown Source)
	at java.base/sun.nio.ch.IOUtil.write(Unknown Source)
	at java.base/sun.nio.ch.IOUtil.write(Unknown Source)
	at java.base/sun.nio.ch.SocketChannelImpl.write(Unknown Source)
	at io.netty.channel.socket.nio.NioSocketChannel.doWrite(NioSocketChannel.java:405)
	at io.netty.channel.AbstractChannel$AbstractUnsafe.flush0(AbstractChannel.java:938)
	at io.netty.channel.nio.AbstractNioChannel$AbstractNioUnsafe.flush0(AbstractNioChannel.java:360)
	at io.netty.channel.AbstractChannel$AbstractUnsafe.flush(AbstractChannel.java:905)
	at io.netty.channel.DefaultChannelPipeline$HeadContext.flush(DefaultChannelPipeline.java:1396)
	at io.netty.channel.AbstractChannelHandlerContext.invokeFlush0(AbstractChannelHandlerContext.java:776)
	at io.netty.channel.AbstractChannelHandlerContext.invokeFlush(AbstractChannelHandlerContext.java:768)
	at io.netty.channel.AbstractChannelHandlerContext.flush(AbstractChannelHandlerContext.java:749)
	at io.netty.handler.logging.LoggingHandler.flush(LoggingHandler.java:265)
	at io.netty.channel.AbstractChannelHandlerContext.invokeFlush0(AbstractChannelHandlerContext.java:776)
	at io.netty.channel.AbstractChannelHandlerContext.invokeFlush(AbstractChannelHandlerContext.java:768)
	at io.netty.channel.AbstractChannelHandlerContext.flush(AbstractChannelHandlerContext.java:749)
	at io.netty.channel.ChannelDuplexHandler.flush(ChannelDuplexHandler.java:117)
	at io.netty.channel.AbstractChannelHandlerContext.invokeFlush0(AbstractChannelHandlerContext.java:776)
	at io.netty.channel.AbstractChannelHandlerContext.invokeFlush(AbstractChannelHandlerContext.java:768)
	at io.netty.channel.AbstractChannelHandlerContext.access$1500(AbstractChannelHandlerContext.java:38)
	at io.netty.channel.AbstractChannelHandlerContext$WriteAndFlushTask.write(AbstractChannelHandlerContext.java:1152)
	at io.netty.channel.AbstractChannelHandlerContext$AbstractWriteTask.run(AbstractChannelHandlerContext.java:1075)
	at io.netty.util.concurrent.AbstractEventExecutor.safeExecute(AbstractEventExecutor.java:163)
	at io.netty.util.concurrent.SingleThreadEventExecutor.runAllTasks(SingleThreadEventExecutor.java:404)
	at io.netty.channel.nio.NioEventLoop.run(NioEventLoop.java:474)
	at io.netty.util.concurrent.SingleThreadEventExecutor$5.run(SingleThreadEventExecutor.java:909)
	at java.base/java.lang.Thread.run(Unknown Source)
2020.05.28 08:14:13 WARN  web[][o.e.t.OutboundHandler] send message failed [channel: Netty4TcpChannel{localAddress=0.0.0.0/0.0.0.0:51982, remoteAddress=null}]
java.io.IOException: Connection reset by peer
	at java.base/sun.nio.ch.FileDispatcherImpl.write0(Native Method)
	at java.base/sun.nio.ch.SocketDispatcher.write(Unknown Source)
	at java.base/sun.nio.ch.IOUtil.writeFromNativeBuffer(Unknown Source)
	at java.base/sun.nio.ch.IOUtil.write(Unknown Source)
	at java.base/sun.nio.ch.IOUtil.write(Unknown Source)
	at java.base/sun.nio.ch.SocketChannelImpl.write(Unknown Source)
	at io.netty.channel.socket.nio.NioSocketChannel.doWrite(NioSocketChannel.java:405)
	at io.netty.channel.AbstractChannel$AbstractUnsafe.flush0(AbstractChannel.java:938)
	at io.netty.channel.nio.AbstractNioChannel$AbstractNioUnsafe.flush0(AbstractNioChannel.java:360)
	at io.netty.channel.AbstractChannel$AbstractUnsafe.flush(AbstractChannel.java:905)
	at io.netty.channel.DefaultChannelPipeline$HeadContext.flush(DefaultChannelPipeline.java:1396)
	at io.netty.channel.AbstractChannelHandlerContext.invokeFlush0(AbstractChannelHandlerContext.java:776)
	at io.netty.channel.AbstractChannelHandlerContext.invokeFlush(AbstractChannelHandlerContext.java:768)
	at io.netty.channel.AbstractChannelHandlerContext.flush(AbstractChannelHandlerContext.java:749)
	at io.netty.handler.logging.LoggingHandler.flush(LoggingHandler.java:265)
	at io.netty.channel.AbstractChannelHandlerContext.invokeFlush0(AbstractChannelHandlerContext.java:776)
	at io.netty.channel.AbstractChannelHandlerContext.invokeFlush(AbstractChannelHandlerContext.java:768)
	at io.netty.channel.AbstractChannelHandlerContext.flush(AbstractChannelHandlerContext.java:749)
	at io.netty.channel.ChannelDuplexHandler.flush(ChannelDuplexHandler.java:117)
	at io.netty.channel.AbstractChannelHandlerContext.invokeFlush0(AbstractChannelHandlerContext.java:776)
	at io.netty.channel.AbstractChannelHandlerContext.invokeFlush(AbstractChannelHandlerContext.java:768)
	at io.netty.channel.AbstractChannelHandlerContext.access$1500(AbstractChannelHandlerContext.java:38)
	at io.netty.channel.AbstractChannelHandlerContext$WriteAndFlushTask.write(AbstractChannelHandlerContext.java:1152)
	at io.netty.channel.AbstractChannelHandlerContext$AbstractWriteTask.run(AbstractChannelHandlerContext.java:1075)
	at io.netty.util.concurrent.AbstractEventExecutor.safeExecute(AbstractEventExecutor.java:163)
	at io.netty.util.concurrent.SingleThreadEventExecutor.runAllTasks(SingleThreadEventExecutor.java:404)
	at io.netty.channel.nio.NioEventLoop.run(NioEventLoop.java:474)
	at io.netty.util.concurrent.SingleThreadEventExecutor$5.run(SingleThreadEventExecutor.java:909)
	at java.base/java.lang.Thread.run(Unknown Source)
2020.05.28 08:14:13 WARN  web[][o.e.t.OutboundHandler] send message failed [channel: Netty4TcpChannel{localAddress=0.0.0.0/0.0.0.0:51968, remoteAddress=/127.0.0.1:9001}]
java.io.IOException: Broken pipe
	at java.base/sun.nio.ch.FileDispatcherImpl.write0(Native Method)
	at java.base/sun.nio.ch.SocketDispatcher.write(Unknown Source)
	at java.base/sun.nio.ch.IOUtil.writeFromNativeBuffer(Unknown Source)
	at java.base/sun.nio.ch.IOUtil.write(Unknown Source)
	at java.base/sun.nio.ch.IOUtil.write(Unknown Source)
	at java.base/sun.nio.ch.SocketChannelImpl.write(Unknown Source)
	at io.netty.channel.socket.nio.NioSocketChannel.doWrite(NioSocketChannel.java:405)
	at io.netty.channel.AbstractChannel$AbstractUnsafe.flush0(AbstractChannel.java:938)
	at io.netty.channel.nio.AbstractNioChannel$AbstractNioUnsafe.flush0(AbstractNioChannel.java:360)
	at io.netty.channel.AbstractChannel$AbstractUnsafe.flush(AbstractChannel.java:905)
	at io.netty.channel.DefaultChannelPipeline$HeadContext.flush(DefaultChannelPipeline.java:1396)
	at io.netty.channel.AbstractChannelHandlerContext.invokeFlush0(AbstractChannelHandlerContext.java:776)
	at io.netty.channel.AbstractChannelHandlerContext.invokeFlush(AbstractChannelHandlerContext.java:768)
	at io.netty.channel.AbstractChannelHandlerContext.flush(AbstractChannelHandlerContext.java:749)
	at io.netty.handler.logging.LoggingHandler.flush(LoggingHandler.java:265)
	at io.netty.channel.AbstractChannelHandlerContext.invokeFlush0(AbstractChannelHandlerContext.java:776)
	at io.netty.channel.AbstractChannelHandlerContext.invokeFlush(AbstractChannelHandlerContext.java:768)
	at io.netty.channel.AbstractChannelHandlerContext.flush(AbstractChannelHandlerContext.java:749)
	at io.netty.channel.ChannelDuplexHandler.flush(ChannelDuplexHandler.java:117)
	at io.netty.channel.AbstractChannelHandlerContext.invokeFlush0(AbstractChannelHandlerContext.java:776)
	at io.netty.channel.AbstractChannelHandlerContext.invokeFlush(AbstractChannelHandlerContext.java:768)
	at io.netty.channel.AbstractChannelHandlerContext.access$1500(AbstractChannelHandlerContext.java:38)
	at io.netty.channel.AbstractChannelHandlerContext$WriteAndFlushTask.write(AbstractChannelHandlerContext.java:1152)
	at io.netty.channel.AbstractChannelHandlerContext$AbstractWriteTask.run(AbstractChannelHandlerContext.java:1075)
	at io.netty.util.concurrent.AbstractEventExecutor.safeExecute(AbstractEventExecutor.java:163)
	at io.netty.util.concurrent.SingleThreadEventExecutor.runAllTasks(SingleThreadEventExecutor.java:404)
	at io.netty.channel.nio.NioEventLoop.run(NioEventLoop.java:474)
	at io.netty.util.concurrent.SingleThreadEventExecutor$5.run(SingleThreadEventExecutor.java:909)
	at java.base/java.lang.Thread.run(Unknown Source)
2020.05.28 08:14:13 WARN  web[][o.e.t.OutboundHandler] send message failed [channel: Netty4TcpChannel{localAddress=0.0.0.0/0.0.0.0:51992, remoteAddress=/127.0.0.1:9001}]
java.io.IOException: Connection reset by peer
	at java.base/sun.nio.ch.FileDispatcherImpl.write0(Native Method)
	at java.base/sun.nio.ch.SocketDispatcher.write(Unknown Source)
	at java.base/sun.nio.ch.IOUtil.writeFromNativeBuffer(Unknown Source)
	at java.base/sun.nio.ch.IOUtil.write(Unknown Source)
	at java.base/sun.nio.ch.IOUtil.write(Unknown Source)
	at java.base/sun.nio.ch.SocketChannelImpl.write(Unknown Source)
	at io.netty.channel.socket.nio.NioSocketChannel.doWrite(NioSocketChannel.java:405)
	at io.netty.channel.AbstractChannel$AbstractUnsafe.flush0(AbstractChannel.java:938)
	at io.netty.channel.nio.AbstractNioChannel$AbstractNioUnsafe.flush0(AbstractNioChannel.java:360)
	at io.netty.channel.AbstractChannel$AbstractUnsafe.flush(AbstractChannel.java:905)
	at io.netty.channel.DefaultChannelPipeline$HeadContext.flush(DefaultChannelPipeline.java:1396)
	at io.netty.channel.AbstractChannelHandlerContext.invokeFlush0(AbstractChannelHandlerContext.java:776)
	at io.netty.channel.AbstractChannelHandlerContext.invokeFlush(AbstractChannelHandlerContext.java:768)
	at io.netty.channel.AbstractChannelHandlerContext.flush(AbstractChannelHandlerContext.java:749)
	at io.netty.handler.logging.LoggingHandler.flush(LoggingHandler.java:265)
	at io.netty.channel.AbstractChannelHandlerContext.invokeFlush0(AbstractChannelHandlerContext.java:776)
	at io.netty.channel.AbstractChannelHandlerContext.invokeFlush(AbstractChannelHandlerContext.java:768)
	at io.netty.channel.AbstractChannelHandlerContext.flush(AbstractChannelHandlerContext.java:749)
	at io.netty.channel.ChannelDuplexHandler.flush(ChannelDuplexHandler.java:117)
	at io.netty.channel.AbstractChannelHandlerContext.invokeFlush0(AbstractChannelHandlerContext.java:776)
	at io.netty.channel.AbstractChannelHandlerContext.invokeFlush(AbstractChannelHandlerContext.java:768)
	at io.netty.channel.AbstractChannelHandlerContext.access$1500(AbstractChannelHandlerContext.java:38)
	at io.netty.channel.AbstractChannelHandlerContext$WriteAndFlushTask.write(AbstractChannelHandlerContext.java:1152)
	at io.netty.channel.AbstractChannelHandlerContext$AbstractWriteTask.run(AbstractChannelHandlerContext.java:1075)
	at io.netty.util.concurrent.AbstractEventExecutor.safeExecute(AbstractEventExecutor.java:163)
	at io.netty.util.concurrent.SingleThreadEventExecutor.runAllTasks(SingleThreadEventExecutor.java:404)
	at io.netty.channel.nio.NioEventLoop.run(NioEventLoop.java:474)
	at io.netty.util.concurrent.SingleThreadEventExecutor$5.run(SingleThreadEventExecutor.java:909)
	at java.base/java.lang.Thread.run(Unknown Source)
2020.05.28 08:14:13 WARN  web[][o.e.t.OutboundHandler] send message failed [channel: Netty4TcpChannel{localAddress=0.0.0.0/0.0.0.0:51978, remoteAddress=/127.0.0.1:9001}]
java.io.IOException: Connection reset by peer
	at java.base/sun.nio.ch.FileDispatcherImpl.write0(Native Method)
	at java.base/sun.nio.ch.SocketDispatcher.write(Unknown Source)
	at java.base/sun.nio.ch.IOUtil.writeFromNativeBuffer(Unknown Source)
	at java.base/sun.nio.ch.IOUtil.write(Unknown Source)
	at java.base/sun.nio.ch.IOUtil.write(Unknown Source)
	at java.base/sun.nio.ch.SocketChannelImpl.write(Unknown Source)
	at io.netty.channel.socket.nio.NioSocketChannel.doWrite(NioSocketChannel.java:405)
	at io.netty.channel.AbstractChannel$AbstractUnsafe.flush0(AbstractChannel.java:938)
	at io.netty.channel.nio.AbstractNioChannel$AbstractNioUnsafe.flush0(AbstractNioChannel.java:360)
	at io.netty.channel.AbstractChannel$AbstractUnsafe.flush(AbstractChannel.java:905)
	at io.netty.channel.DefaultChannelPipeline$HeadContext.flush(DefaultChannelPipeline.java:1396)
	at io.netty.channel.AbstractChannelHandlerContext.invokeFlush0(AbstractChannelHandlerContext.java:776)
	at io.netty.channel.AbstractChannelHandlerContext.invokeFlush(AbstractChannelHandlerContext.java:768)
	at io.netty.channel.AbstractChannelHandlerContext.flush(AbstractChannelHandlerContext.java:749)
	at io.netty.handler.logging.LoggingHandler.flush(LoggingHandler.java:265)
	at io.netty.channel.AbstractChannelHandlerContext.invokeFlush0(AbstractChannelHandlerContext.java:776)
	at io.netty.channel.AbstractChannelHandlerContext.invokeFlush(AbstractChannelHandlerContext.java:768)
	at io.netty.channel.AbstractChannelHandlerContext.flush(AbstractChannelHandlerContext.java:749)
	at io.netty.channel.ChannelDuplexHandler.flush(ChannelDuplexHandler.java:117)
	at io.netty.channel.AbstractChannelHandlerContext.invokeFlush0(AbstractChannelHandlerContext.java:776)
	at io.netty.channel.AbstractChannelHandlerContext.invokeFlush(AbstractChannelHandlerContext.java:768)
	at io.netty.channel.AbstractChannelHandlerContext.access$1500(AbstractChannelHandlerContext.java:38)
	at io.netty.channel.AbstractChannelHandlerContext$WriteAndFlushTask.write(AbstractChannelHandlerContext.java:1152)
	at io.netty.channel.AbstractChannelHandlerContext$AbstractWriteTask.run(AbstractChannelHandlerContext.java:1075)
	at io.netty.util.concurrent.AbstractEventExecutor.safeExecute(AbstractEventExecutor.java:163)
	at io.netty.util.concurrent.SingleThreadEventExecutor.runAllTasks(SingleThreadEventExecutor.java:404)
	at io.netty.channel.nio.NioEventLoop.run(NioEventLoop.java:474)
	at io.netty.util.concurrent.SingleThreadEventExecutor$5.run(SingleThreadEventExecutor.java:909)
	at java.base/java.lang.Thread.run(Unknown Source)
2020.05.28 08:14:13 WARN  web[][o.e.t.OutboundHandler] send message failed [channel: Netty4TcpChannel{localAddress=0.0.0.0/0.0.0.0:51970, remoteAddress=null}]
java.io.IOException: Broken pipe
	at java.base/sun.nio.ch.FileDispatcherImpl.write0(Native Method)
	at java.base/sun.nio.ch.SocketDispatcher.write(Unknown Source)
	at java.base/sun.nio.ch.IOUtil.writeFromNativeBuffer(Unknown Source)
	at java.base/sun.nio.ch.IOUtil.write(Unknown Source)
	at java.base/sun.nio.ch.IOUtil.write(Unknown Source)
	at java.base/sun.nio.ch.SocketChannelImpl.write(Unknown Source)
	at io.netty.channel.socket.nio.NioSocketChannel.doWrite(NioSocketChannel.java:405)
	at io.netty.channel.AbstractChannel$AbstractUnsafe.flush0(AbstractChannel.java:938)
	at io.netty.channel.nio.AbstractNioChannel$AbstractNioUnsafe.flush0(AbstractNioChannel.java:360)
	at io.netty.channel.AbstractChannel$AbstractUnsafe.flush(AbstractChannel.java:905)
	at io.netty.channel.DefaultChannelPipeline$HeadContext.flush(DefaultChannelPipeline.java:1396)
	at io.netty.channel.AbstractChannelHandlerContext.invokeFlush0(AbstractChannelHandlerContext.java:776)
	at io.netty.channel.AbstractChannelHandlerContext.invokeFlush(AbstractChannelHandlerContext.java:768)
	at io.netty.channel.AbstractChannelHandlerContext.flush(AbstractChannelHandlerContext.java:749)
	at io.netty.handler.logging.LoggingHandler.flush(LoggingHandler.java:265)
	at io.netty.channel.AbstractChannelHandlerContext.invokeFlush0(AbstractChannelHandlerContext.java:776)
	at io.netty.channel.AbstractChannelHandlerContext.invokeFlush(AbstractChannelHandlerContext.java:768)
	at io.netty.channel.AbstractChannelHandlerContext.flush(AbstractChannelHandlerContext.java:749)
	at io.netty.channel.ChannelDuplexHandler.flush(ChannelDuplexHandler.java:117)
	at io.netty.channel.AbstractChannelHandlerContext.invokeFlush0(AbstractChannelHandlerContext.java:776)
	at io.netty.channel.AbstractChannelHandlerContext.invokeFlush(AbstractChannelHandlerContext.java:768)
	at io.netty.channel.AbstractChannelHandlerContext.access$1500(AbstractChannelHandlerContext.java:38)
	at io.netty.channel.AbstractChannelHandlerContext$WriteAndFlushTask.write(AbstractChannelHandlerContext.java:1152)
	at io.netty.channel.AbstractChannelHandlerContext$AbstractWriteTask.run(AbstractChannelHandlerContext.java:1075)
	at io.netty.util.concurrent.AbstractEventExecutor.safeExecute(AbstractEventExecutor.java:163)
	at io.netty.util.concurrent.SingleThreadEventExecutor.runAllTasks(SingleThreadEventExecutor.java:404)
	at io.netty.channel.nio.NioEventLoop.run(NioEventLoop.java:474)
	at io.netty.util.concurrent.SingleThreadEventExecutor$5.run(SingleThreadEventExecutor.java:909)
	at java.base/java.lang.Thread.run(Unknown Source)
2020.05.28 08:14:13 WARN  web[][o.e.t.OutboundHandler] send message failed [channel: Netty4TcpChannel{localAddress=0.0.0.0/0.0.0.0:51988, remoteAddress=null}]
java.io.IOException: Connection reset by peer
	at java.base/sun.nio.ch.FileDispatcherImpl.write0(Native Method)
	at java.base/sun.nio.ch.SocketDispatcher.write(Unknown Source)
	at java.base/sun.nio.ch.IOUtil.writeFromNativeBuffer(Unknown Source)
	at java.base/sun.nio.ch.IOUtil.write(Unknown Source)
	at java.base/sun.nio.ch.IOUtil.write(Unknown Source)
	at java.base/sun.nio.ch.SocketChannelImpl.write(Unknown Source)
	at io.netty.channel.socket.nio.NioSocketChannel.doWrite(NioSocketChannel.java:405)
	at io.netty.channel.AbstractChannel$AbstractUnsafe.flush0(AbstractChannel.java:938)
	at io.netty.channel.nio.AbstractNioChannel$AbstractNioUnsafe.flush0(AbstractNioChannel.java:360)
	at io.netty.channel.AbstractChannel$AbstractUnsafe.flush(AbstractChannel.java:905)
	at io.netty.channel.DefaultChannelPipeline$HeadContext.flush(DefaultChannelPipeline.java:1396)
	at io.netty.channel.AbstractChannelHandlerContext.invokeFlush0(AbstractChannelHandlerContext.java:776)
	at io.netty.channel.AbstractChannelHandlerContext.invokeFlush(AbstractChannelHandlerContext.java:768)
	at io.netty.channel.AbstractChannelHandlerContext.flush(AbstractChannelHandlerContext.java:749)
	at io.netty.handler.logging.LoggingHandler.flush(LoggingHandler.java:265)
	at io.netty.channel.AbstractChannelHandlerContext.invokeFlush0(AbstractChannelHandlerContext.java:776)
	at io.netty.channel.AbstractChannelHandlerContext.invokeFlush(AbstractChannelHandlerContext.java:768)
	at io.netty.channel.AbstractChannelHandlerContext.flush(AbstractChannelHandlerContext.java:749)
	at io.netty.channel.ChannelDuplexHandler.flush(ChannelDuplexHandler.java:117)
	at io.netty.channel.AbstractChannelHandlerContext.invokeFlush0(AbstractChannelHandlerContext.java:776)
	at io.netty.channel.AbstractChannelHandlerContext.invokeFlush(AbstractChannelHandlerContext.java:768)
	at io.netty.channel.AbstractChannelHandlerContext.access$1500(AbstractChannelHandlerContext.java:38)
	at io.netty.channel.AbstractChannelHandlerContext$WriteAndFlushTask.write(AbstractChannelHandlerContext.java:1152)
	at io.netty.channel.AbstractChannelHandlerContext$AbstractWriteTask.run(AbstractChannelHandlerContext.java:1075)
	at io.netty.util.concurrent.AbstractEventExecutor.safeExecute(AbstractEventExecutor.java:163)
	at io.netty.util.concurrent.SingleThreadEventExecutor.runAllTasks(SingleThreadEventExecutor.java:404)
	at io.netty.channel.nio.NioEventLoop.run(NioEventLoop.java:474)
	at io.netty.util.concurrent.SingleThreadEventExecutor$5.run(SingleThreadEventExecutor.java:909)
	at java.base/java.lang.Thread.run(Unknown Source)
2020.05.28 08:14:13 WARN  web[][o.e.t.OutboundHandler] send message failed [channel: Netty4TcpChannel{localAddress=0.0.0.0/0.0.0.0:51972, remoteAddress=/127.0.0.1:9001}]
java.io.IOException: Broken pipe
	at java.base/sun.nio.ch.FileDispatcherImpl.write0(Native Method)
	at java.base/sun.nio.ch.SocketDispatcher.write(Unknown Source)
	at java.base/sun.nio.ch.IOUtil.writeFromNativeBuffer(Unknown Source)
	at java.base/sun.nio.ch.IOUtil.write(Unknown Source)
	at java.base/sun.nio.ch.IOUtil.write(Unknown Source)
	at java.base/sun.nio.ch.SocketChannelImpl.write(Unknown Source)
	at io.netty.channel.socket.nio.NioSocketChannel.doWrite(NioSocketChannel.java:405)
	at io.netty.channel.AbstractChannel$AbstractUnsafe.flush0(AbstractChannel.java:938)
	at io.netty.channel.nio.AbstractNioChannel$AbstractNioUnsafe.flush0(AbstractNioChannel.java:360)
	at io.netty.channel.AbstractChannel$AbstractUnsafe.flush(AbstractChannel.java:905)
	at io.netty.channel.DefaultChannelPipeline$HeadContext.flush(DefaultChannelPipeline.java:1396)
	at io.netty.channel.AbstractChannelHandlerContext.invokeFlush0(AbstractChannelHandlerContext.java:776)
	at io.netty.channel.AbstractChannelHandlerContext.invokeFlush(AbstractChannelHandlerContext.java:768)
	at io.netty.channel.AbstractChannelHandlerContext.flush(AbstractChannelHandlerContext.java:749)
	at io.netty.handler.logging.LoggingHandler.flush(LoggingHandler.java:265)
	at io.netty.channel.AbstractChannelHandlerContext.invokeFlush0(AbstractChannelHandlerContext.java:776)
	at io.netty.channel.AbstractChannelHandlerContext.invokeFlush(AbstractChannelHandlerContext.java:768)
	at io.netty.channel.AbstractChannelHandlerContext.flush(AbstractChannelHandlerContext.java:749)
	at io.netty.channel.ChannelDuplexHandler.flush(ChannelDuplexHandler.java:117)
	at io.netty.channel.AbstractChannelHandlerContext.invokeFlush0(AbstractChannelHandlerContext.java:776)
	at io.netty.channel.AbstractChannelHandlerContext.invokeFlush(AbstractChannelHandlerContext.java:768)
	at io.netty.channel.AbstractChannelHandlerContext.access$1500(AbstractChannelHandlerContext.java:38)
	at io.netty.channel.AbstractChannelHandlerContext$WriteAndFlushTask.write(AbstractChannelHandlerContext.java:1152)
	at io.netty.channel.AbstractChannelHandlerContext$AbstractWriteTask.run(AbstractChannelHandlerContext.java:1075)
	at io.netty.util.concurrent.AbstractEventExecutor.safeExecute(AbstractEventExecutor.java:163)
	at io.netty.util.concurrent.SingleThreadEventExecutor.runAllTasks(SingleThreadEventExecutor.java:404)
	at io.netty.channel.nio.NioEventLoop.run(NioEventLoop.java:474)
	at io.netty.util.concurrent.SingleThreadEventExecutor$5.run(SingleThreadEventExecutor.java:909)
	at java.base/java.lang.Thread.run(Unknown Source)
2020.05.28 08:14:13 WARN  web[][o.e.t.OutboundHandler] send message failed [channel: Netty4TcpChannel{localAddress=0.0.0.0/0.0.0.0:51984, remoteAddress=/127.0.0.1:9001}]
java.nio.channels.ClosedChannelException: null
	at io.netty.channel.AbstractChannel$AbstractUnsafe.write(...)(Unknown Source)
2020.05.28 08:14:13 WARN  web[][o.e.t.OutboundHandler] send message failed [channel: Netty4TcpChannel{localAddress=0.0.0.0/0.0.0.0:51980, remoteAddress=/127.0.0.1:9001}]
java.nio.channels.ClosedChannelException: null
	at io.netty.channel.AbstractChannel$AbstractUnsafe.write(...)(Unknown Source)
2020.05.28 08:14:13 WARN  web[][o.e.t.OutboundHandler] send message failed [channel: Netty4TcpChannel{localAddress=0.0.0.0/0.0.0.0:51974, remoteAddress=/127.0.0.1:9001}]
java.io.IOException: Connection reset by peer
	at java.base/sun.nio.ch.FileDispatcherImpl.write0(Native Method)
	at java.base/sun.nio.ch.SocketDispatcher.write(Unknown Source)
	at java.base/sun.nio.ch.IOUtil.writeFromNativeBuffer(Unknown Source)
	at java.base/sun.nio.ch.IOUtil.write(Unknown Source)
	at java.base/sun.nio.ch.IOUtil.write(Unknown Source)
	at java.base/sun.nio.ch.SocketChannelImpl.write(Unknown Source)
	at io.netty.channel.socket.nio.NioSocketChannel.doWrite(NioSocketChannel.java:405)
	at io.netty.channel.AbstractChannel$AbstractUnsafe.flush0(AbstractChannel.java:938)
	at io.netty.channel.nio.AbstractNioChannel$AbstractNioUnsafe.flush0(AbstractNioChannel.java:360)
	at io.netty.channel.AbstractChannel$AbstractUnsafe.flush(AbstractChannel.java:905)
	at io.netty.channel.DefaultChannelPipeline$HeadContext.flush(DefaultChannelPipeline.java:1396)
	at io.netty.channel.AbstractChannelHandlerContext.invokeFlush0(AbstractChannelHandlerContext.java:776)
	at io.netty.channel.AbstractChannelHandlerContext.invokeFlush(AbstractChannelHandlerContext.java:768)
	at io.netty.channel.AbstractChannelHandlerContext.flush(AbstractChannelHandlerContext.java:749)
	at io.netty.handler.logging.LoggingHandler.flush(LoggingHandler.java:265)
	at io.netty.channel.AbstractChannelHandlerContext.invokeFlush0(AbstractChannelHandlerContext.java:776)
	at io.netty.channel.AbstractChannelHandlerContext.invokeFlush(AbstractChannelHandlerContext.java:768)
	at io.netty.channel.AbstractChannelHandlerContext.flush(AbstractChannelHandlerContext.java:749)
	at io.netty.channel.ChannelDuplexHandler.flush(ChannelDuplexHandler.java:117)
	at io.netty.channel.AbstractChannelHandlerContext.invokeFlush0(AbstractChannelHandlerContext.java:776)
	at io.netty.channel.AbstractChannelHandlerContext.invokeFlush(AbstractChannelHandlerContext.java:768)
	at io.netty.channel.AbstractChannelHandlerContext.access$1500(AbstractChannelHandlerContext.java:38)
	at io.netty.channel.AbstractChannelHandlerContext$WriteAndFlushTask.write(AbstractChannelHandlerContext.java:1152)
	at io.netty.channel.AbstractChannelHandlerContext$AbstractWriteTask.run(AbstractChannelHandlerContext.java:1075)
	at io.netty.util.concurrent.AbstractEventExecutor.safeExecute(AbstractEventExecutor.java:163)
	at io.netty.util.concurrent.SingleThreadEventExecutor.runAllTasks(SingleThreadEventExecutor.java:404)
	at io.netty.channel.nio.NioEventLoop.run(NioEventLoop.java:474)
	at io.netty.util.concurrent.SingleThreadEventExecutor$5.run(SingleThreadEventExecutor.java:909)
	at java.base/java.lang.Thread.run(Unknown Source)
2020.05.28 08:14:13 WARN  web[][o.e.t.OutboundHandler] send message failed [channel: Netty4TcpChannel{localAddress=0.0.0.0/0.0.0.0:51990, remoteAddress=/127.0.0.1:9001}]
java.io.IOException: Connection reset by peer
	at java.base/sun.nio.ch.FileDispatcherImpl.write0(Native Method)
	at java.base/sun.nio.ch.SocketDispatcher.write(Unknown Source)
	at java.base/sun.nio.ch.IOUtil.writeFromNativeBuffer(Unknown Source)
	at java.base/sun.nio.ch.IOUtil.write(Unknown Source)
	at java.base/sun.nio.ch.IOUtil.write(Unknown Source)
	at java.base/sun.nio.ch.SocketChannelImpl.write(Unknown Source)
	at io.netty.channel.socket.nio.NioSocketChannel.doWrite(NioSocketChannel.java:405)
	at io.netty.channel.AbstractChannel$AbstractUnsafe.flush0(AbstractChannel.java:938)
	at io.netty.channel.nio.AbstractNioChannel$AbstractNioUnsafe.flush0(AbstractNioChannel.java:360)
	at io.netty.channel.AbstractChannel$AbstractUnsafe.flush(AbstractChannel.java:905)
	at io.netty.channel.DefaultChannelPipeline$HeadContext.flush(DefaultChannelPipeline.java:1396)
	at io.netty.channel.AbstractChannelHandlerContext.invokeFlush0(AbstractChannelHandlerContext.java:776)
	at io.netty.channel.AbstractChannelHandlerContext.invokeFlush(AbstractChannelHandlerContext.java:768)
	at io.netty.channel.AbstractChannelHandlerContext.flush(AbstractChannelHandlerContext.java:749)
	at io.netty.handler.logging.LoggingHandler.flush(LoggingHandler.java:265)
	at io.netty.channel.AbstractChannelHandlerContext.invokeFlush0(AbstractChannelHandlerContext.java:776)
	at io.netty.channel.AbstractChannelHandlerContext.invokeFlush(AbstractChannelHandlerContext.java:768)
	at io.netty.channel.AbstractChannelHandlerContext.flush(AbstractChannelHandlerContext.java:749)
	at io.netty.channel.ChannelDuplexHandler.flush(ChannelDuplexHandler.java:117)
	at io.netty.channel.AbstractChannelHandlerContext.invokeFlush0(AbstractChannelHandlerContext.java:776)
	at io.netty.channel.AbstractChannelHandlerContext.invokeFlush(AbstractChannelHandlerContext.java:768)
	at io.netty.channel.AbstractChannelHandlerContext.access$1500(AbstractChannelHandlerContext.java:38)
	at io.netty.channel.AbstractChannelHandlerContext$WriteAndFlushTask.write(AbstractChannelHandlerContext.java:1152)
	at io.netty.channel.AbstractChannelHandlerContext$AbstractWriteTask.run(AbstractChannelHandlerContext.java:1075)
	at io.netty.util.concurrent.AbstractEventExecutor.safeExecute(AbstractEventExecutor.java:163)
	at io.netty.util.concurrent.SingleThreadEventExecutor.runAllTasks(SingleThreadEventExecutor.java:404)
	at io.netty.channel.nio.NioEventLoop.run(NioEventLoop.java:474)
	at io.netty.util.concurrent.SingleThreadEventExecutor$5.run(SingleThreadEventExecutor.java:909)
	at java.base/java.lang.Thread.run(Unknown Source)
2020.05.28 08:14:13 WARN  web[][o.e.t.OutboundHandler] send message failed [channel: Netty4TcpChannel{localAddress=0.0.0.0/0.0.0.0:51986, remoteAddress=/127.0.0.1:9001}]
java.nio.channels.ClosedChannelException: null
	at io.netty.channel.AbstractChannel$AbstractUnsafe.write(...)(Unknown Source)
2020.05.28 08:14:14 INFO  web[][o.s.p.ProcessEntryPoint] Hard stopping process
2020.05.28 08:14:14 INFO  web[][o.s.s.n.NotificationDaemon] Notification service stopped
2020.05.28 08:14:15 INFO  web[][o.s.s.p.d.EmbeddedDatabase] Embedded database stopped
2020.05.28 08:14:15 WARN  web[][o.s.p.ProcessEntryPoint$HardStopperThread] Can not stop in 1000ms
2020.05.28 08:14:15 WARN  web[][o.s.s.a.EmbeddedTomcat] Failed to stop web server
org.apache.catalina.LifecycleException: Failed to stop component [StandardServer[-1]]
	at org.apache.catalina.util.LifecycleBase.stop(LifecycleBase.java:238)
	at org.apache.catalina.startup.Tomcat.stop(Tomcat.java:437)
	at org.sonar.server.app.EmbeddedTomcat.terminate(EmbeddedTomcat.java:104)
	at org.sonar.server.app.WebServer.hardStop(WebServer.java:83)
	at org.sonar.process.ProcessEntryPoint$HardStopperThread.lambda$new$0(ProcessEntryPoint.java:219)
	at java.base/java.util.concurrent.Executors$RunnableAdapter.call(Unknown Source)
	at java.base/java.util.concurrent.FutureTask.run(Unknown Source)
	at java.base/java.util.concurrent.ThreadPoolExecutor.runWorker(Unknown Source)
	at java.base/java.util.concurrent.ThreadPoolExecutor$Worker.run(Unknown Source)
	at java.base/java.lang.Thread.run(Unknown Source)
Caused by: org.apache.catalina.LifecycleException: Failed to stop component [StandardService[Tomcat]]
	at org.apache.catalina.util.LifecycleBase.stop(LifecycleBase.java:238)
	at org.apache.catalina.core.StandardServer.stopInternal(StandardServer.java:814)
	at org.apache.catalina.util.LifecycleBase.stop(LifecycleBase.java:226)
	... 9 common frames omitted
Caused by: org.apache.catalina.LifecycleException: Failed to stop component [StandardEngine[Tomcat]]
	at org.apache.catalina.util.LifecycleBase.stop(LifecycleBase.java:238)
	at org.apache.catalina.core.StandardService.stopInternal(StandardService.java:486)
	at org.apache.catalina.util.LifecycleBase.stop(LifecycleBase.java:226)
	... 11 common frames omitted
Caused by: org.apache.catalina.LifecycleException: A child container failed during stop
	at org.apache.catalina.core.ContainerBase.stopInternal(ContainerBase.java:1008)
	at org.apache.catalina.util.LifecycleBase.stop(LifecycleBase.java:226)
	... 13 common frames omitted
